\BOOKMARK [1][-]{section.1}{Introdu\347\343o}{}% 1
\BOOKMARK [1][-]{section.2}{Classes}{}% 2
\BOOKMARK [2][-]{subsection.2.1}{Body}{section.2}% 3
\BOOKMARK [2][-]{subsection.2.2}{Projectile}{section.2}% 4
\BOOKMARK [2][-]{subsection.2.3}{Ship}{section.2}% 5
\BOOKMARK [2][-]{subsection.2.4}{Vector}{section.2}% 6
\BOOKMARK [1][-]{section.3}{MVC}{}% 7
\BOOKMARK [2][-]{subsection.3.1}{Modelos}{section.3}% 8
\BOOKMARK [3][-]{subsubsection.3.1.1}{Gravidade}{subsection.3.1}% 9
\BOOKMARK [3][-]{subsubsection.3.1.2}{Movimento}{subsection.3.1}% 10
\BOOKMARK [3][-]{subsubsection.3.1.3}{Tor\363ide}{subsection.3.1}% 11
\BOOKMARK [2][-]{subsection.3.2}{Vis\343o}{section.3}% 12
\BOOKMARK [2][-]{subsection.3.3}{Allegro}{section.3}% 13
\BOOKMARK [3][-]{subsubsection.3.3.1}{Instala\347\343o}{subsection.3.3}% 14
\BOOKMARK [3][-]{subsubsection.3.3.2}{Memory Leak}{subsection.3.3}% 15
\BOOKMARK [3][-]{subsubsection.3.3.3}{Funcionamento: Parte Gr\341fica e Allegro}{subsection.3.3}% 16
\BOOKMARK [2][-]{subsection.3.4}{Controladores}{section.3}% 17
\BOOKMARK [1][-]{section.4}{Makefile}{}% 18
\BOOKMARK [1][-]{section.5}{Testes}{}% 19
\BOOKMARK [1][-]{section.6}{Considera\347\365es Finais}{}% 20
